<?xml version="1.0" encoding="UTF-8"?>
<!-- Generated by org.testng.reporters.JUnitXMLReporter -->
<testsuite ignored="0" hostname="DESKTOP-STL97P9" failures="0" tests="4" name="Test" time="171.355" errors="0" timestamp="2025-01-02T11:54:23 IST">
  <testcase classname="TestCases.TC001_EnsureLanguage" name="Decect_Lang_spanish" time="5.816"/>
  <testcase classname="TestCases.TC002_OpinionSection" name="verify_OpinionSection" time="88.328"/>
  <testcase classname="TestCases.TC003_TranslatingHeaders" name="verifyTranslateHeader" time="12.706"/>
  <testcase classname="TestCases.TC004_Repeatingwords" name="verifyRepeatationwords" time="0.003"/>
</testsuite> <!-- Test -->
